生成启动时间为 2019/7/31 17:30:41。
     1>项目“E:\ConcurrentMemoryPool\ConcurrentMemoryPool\ConcurrentMemoryPool.vcxproj”在节点 2 上(Rebuild 个目标)。
     1>ClCompile:
         F:\新建文件夹\VC\bin\CL.exe /c /ZI /nologo /W3 /WX- /sdl /Od /Oy- /D _MBCS /Gm /EHsc /RTC1 /MDd /GS /fp:precise /Zc:wchar_t /Zc:forScope /Fo"Debug\\" /Fd"Debug\vc120.pdb" /Gd /TP /analyze- /errorReport:prompt Benchmark.cpp CentralCache.cpp PageCache.cpp ThreadCache.cpp UnitTest.cpp
         UnitTest.cpp
         ThreadCache.cpp
         PageCache.cpp
         CentralCache.cpp
         Benchmark.cpp
         正在生成代码...
       Link:
         F:\新建文件夹\VC\bin\link.exe /ERRORREPORT:PROMPT /OUT:"E:\ConcurrentMemoryPool\ConcurrentMemoryPool\Debug\ConcurrentMemoryPool.exe" /INCREMENTAL /NOLOGO kernel32.lib user32.lib gdi32.lib winspool.lib comdlg32.lib advapi32.lib shell32.lib ole32.lib oleaut32.lib uuid.lib odbc32.lib odbccp32.lib /MANIFEST /MANIFESTUAC:"level='asInvoker' uiAccess='false'" /manifest:embed /DEBUG /PDB:"E:\ConcurrentMemoryPool\ConcurrentMemoryPool\Debug\ConcurrentMemoryPool.pdb" /TLBID:1 /DYNAMICBASE /NXCOMPAT /IMPLIB:"E:\ConcurrentMemoryPool\ConcurrentMemoryPool\Debug\ConcurrentMemoryPool.lib" /MACHINE:X86 Debug\Benchmark.obj
         Debug\CentralCache.obj
         Debug\PageCache.obj
         Debug\ThreadCache.obj
         Debug\UnitTest.obj
         ConcurrentMemoryPool.vcxproj -> E:\ConcurrentMemoryPool\ConcurrentMemoryPool\Debug\ConcurrentMemoryPool.exe
     1>已完成生成项目“E:\ConcurrentMemoryPool\ConcurrentMemoryPool\ConcurrentMemoryPool.vcxproj”(Rebuild 个目标)的操作。

生成成功。

已用时间 00:00:06.22
